

============================== 2022-09-07 08:37:04.566466 | bc97ec0b-1600-4ea4-a764-c028c0688a3c ==============================
[0m08:37:04.566472 [info ] [MainThread]: Running with dbt=1.2.0
[0m08:37:04.566690 [debug] [MainThread]: running dbt with arguments {'write_json': True, 'use_colors': True, 'printer_width': 80, 'version_check': True, 'partial_parse': True, 'static_parser': True, 'profiles_dir': '/Users/jawerg/.dbt', 'send_anonymous_usage_stats': True, 'event_buffer_size': 100000, 'quiet': False, 'no_print': False, 'project_name': 'models', 'skip_profile_setup': False, 'which': 'init', 'indirect_selection': 'eager'}
[0m08:37:04.566772 [debug] [MainThread]: Tracking: tracking
[0m08:37:04.575729 [debug] [MainThread]: Sending event: {'category': 'dbt', 'action': 'invocation', 'label': 'start', 'context': [<snowplow_tracker.self_describing_json.SelfDescribingJson object at 0x108414f70>, <snowplow_tracker.self_describing_json.SelfDescribingJson object at 0x10842c250>, <snowplow_tracker.self_describing_json.SelfDescribingJson object at 0x10842c280>]}
[0m08:37:04.577012 [debug] [MainThread]: Starter project path: /opt/homebrew/Cellar/dbt-postgres/1.2.0/libexec/lib/python3.9/site-packages/dbt/include/starter_project
[0m08:37:09.626008 [debug] [MainThread]: Sending event: {'category': 'dbt', 'action': 'invocation', 'label': 'end', 'context': [<snowplow_tracker.self_describing_json.SelfDescribingJson object at 0x10842ce20>, <snowplow_tracker.self_describing_json.SelfDescribingJson object at 0x10842c370>, <snowplow_tracker.self_describing_json.SelfDescribingJson object at 0x10842c130>]}


============================== 2022-09-07 08:38:17.046752 | 3b25369d-9be6-4667-a1f2-d48294c1da50 ==============================
[0m08:38:17.046757 [info ] [MainThread]: Running with dbt=1.2.0
[0m08:38:17.046977 [debug] [MainThread]: running dbt with arguments {'write_json': True, 'use_colors': True, 'printer_width': 80, 'version_check': True, 'partial_parse': True, 'static_parser': True, 'profiles_dir': '/Users/jawerg/.dbt', 'send_anonymous_usage_stats': True, 'event_buffer_size': 100000, 'quiet': False, 'no_print': False, 'project_name': 'models', 'skip_profile_setup': False, 'which': 'init', 'indirect_selection': 'eager'}
[0m08:38:17.047050 [debug] [MainThread]: Tracking: tracking
[0m08:38:17.053829 [debug] [MainThread]: Sending event: {'category': 'dbt', 'action': 'invocation', 'label': 'start', 'context': [<snowplow_tracker.self_describing_json.SelfDescribingJson object at 0x10612cdc0>, <snowplow_tracker.self_describing_json.SelfDescribingJson object at 0x106141340>, <snowplow_tracker.self_describing_json.SelfDescribingJson object at 0x1061414c0>]}
[0m08:38:17.054928 [info ] [MainThread]: A project called models already exists here.
[0m08:38:17.055129 [debug] [MainThread]: Sending event: {'category': 'dbt', 'action': 'invocation', 'label': 'end', 'context': [<snowplow_tracker.self_describing_json.SelfDescribingJson object at 0x106141e50>, <snowplow_tracker.self_describing_json.SelfDescribingJson object at 0x106141c10>, <snowplow_tracker.self_describing_json.SelfDescribingJson object at 0x106141760>]}


============================== 2022-09-07 08:38:27.277001 | 3cce90a8-f7d0-4cfc-aa1e-f3aa608b7365 ==============================
[0m08:38:27.277009 [info ] [MainThread]: Running with dbt=1.2.0
[0m08:38:27.277229 [debug] [MainThread]: running dbt with arguments {'write_json': True, 'use_colors': True, 'printer_width': 80, 'version_check': True, 'partial_parse': True, 'static_parser': True, 'profiles_dir': '/Users/jawerg/.dbt', 'send_anonymous_usage_stats': True, 'event_buffer_size': 100000, 'quiet': False, 'no_print': False, 'project_name': 'models', 'skip_profile_setup': False, 'which': 'init', 'indirect_selection': 'eager'}
[0m08:38:27.277309 [debug] [MainThread]: Tracking: tracking
[0m08:38:27.286451 [debug] [MainThread]: Sending event: {'category': 'dbt', 'action': 'invocation', 'label': 'start', 'context': [<snowplow_tracker.self_describing_json.SelfDescribingJson object at 0x104625d60>, <snowplow_tracker.self_describing_json.SelfDescribingJson object at 0x10463c3a0>, <snowplow_tracker.self_describing_json.SelfDescribingJson object at 0x10463c2e0>]}
[0m08:38:27.287936 [debug] [MainThread]: Starter project path: /opt/homebrew/Cellar/dbt-postgres/1.2.0/libexec/lib/python3.9/site-packages/dbt/include/starter_project
[0m08:38:29.531785 [debug] [MainThread]: Sending event: {'category': 'dbt', 'action': 'invocation', 'label': 'end', 'context': [<snowplow_tracker.self_describing_json.SelfDescribingJson object at 0x10463f7f0>, <snowplow_tracker.self_describing_json.SelfDescribingJson object at 0x10463fe80>, <snowplow_tracker.self_describing_json.SelfDescribingJson object at 0x10463f2b0>]}


============================== 2022-09-07 08:39:56.636526 | 205bfb05-bfd3-4b61-9a9c-5345555f76d6 ==============================
[0m08:39:56.636531 [info ] [MainThread]: Running with dbt=1.2.1
[0m08:39:56.636718 [debug] [MainThread]: running dbt with arguments {'write_json': True, 'use_colors': True, 'printer_width': 80, 'version_check': True, 'partial_parse': True, 'static_parser': True, 'profiles_dir': '/Users/jawerg/.dbt', 'send_anonymous_usage_stats': True, 'event_buffer_size': 100000, 'quiet': False, 'no_print': False, 'project_name': 'models', 'skip_profile_setup': False, 'which': 'init', 'indirect_selection': 'eager'}
[0m08:39:56.636787 [debug] [MainThread]: Tracking: tracking
[0m08:39:56.643602 [debug] [MainThread]: Sending event: {'category': 'dbt', 'action': 'invocation', 'label': 'start', 'context': [<snowplow_tracker.self_describing_json.SelfDescribingJson object at 0x105da23b0>, <snowplow_tracker.self_describing_json.SelfDescribingJson object at 0x105da26e0>, <snowplow_tracker.self_describing_json.SelfDescribingJson object at 0x105da2a40>]}
[0m08:39:56.644519 [debug] [MainThread]: Starter project path: /Users/jawerg/PycharmProjects/citi/.citibike/lib/python3.10/site-packages/dbt/include/starter_project
[0m08:43:05.098558 [info ] [MainThread]: Profile models written to /Users/jawerg/.dbt/profiles.yml using target's profile_template.yml and your supplied values. Run 'dbt debug' to validate the connection.
[0m08:43:05.099202 [info ] [MainThread]: 
Your new dbt project "models" was created!

For more information on how to configure the profiles.yml file,
please consult the dbt documentation here:

  https://docs.getdbt.com/docs/configure-your-profile

One more thing:

Need help? Don't hesitate to reach out to us via GitHub issues or on Slack:

  https://community.getdbt.com/

Happy modeling!

[0m08:43:05.099605 [debug] [MainThread]: Sending event: {'category': 'dbt', 'action': 'invocation', 'label': 'end', 'context': [<snowplow_tracker.self_describing_json.SelfDescribingJson object at 0x126838d00>, <snowplow_tracker.self_describing_json.SelfDescribingJson object at 0x12683b0d0>, <snowplow_tracker.self_describing_json.SelfDescribingJson object at 0x126839360>]}
[0m08:43:05.099946 [debug] [MainThread]: Flushing usage events


============================== 2022-09-07 08:43:11.971035 | 4a379d64-f76f-4237-9323-f207c91d2e6b ==============================
[0m08:43:11.971039 [info ] [MainThread]: Running with dbt=1.2.1
[0m08:43:11.971237 [debug] [MainThread]: running dbt with arguments {'write_json': True, 'use_colors': True, 'printer_width': 80, 'version_check': True, 'partial_parse': True, 'static_parser': True, 'profiles_dir': '/Users/jawerg/.dbt', 'send_anonymous_usage_stats': True, 'event_buffer_size': 100000, 'quiet': False, 'no_print': False, 'config_dir': False, 'which': 'debug', 'indirect_selection': 'eager'}
[0m08:43:11.971305 [debug] [MainThread]: Tracking: tracking
[0m08:43:11.978487 [debug] [MainThread]: Sending event: {'category': 'dbt', 'action': 'invocation', 'label': 'start', 'context': [<snowplow_tracker.self_describing_json.SelfDescribingJson object at 0x1061fcf70>, <snowplow_tracker.self_describing_json.SelfDescribingJson object at 0x1061fd090>, <snowplow_tracker.self_describing_json.SelfDescribingJson object at 0x1061fd240>]}
[0m08:43:11.982569 [info ] [MainThread]: Error importing adapter: No module named 'dbt.adapters.postgres'
[0m08:43:12.301599 [info ] [MainThread]: Error importing adapter: No module named 'dbt.adapters.postgres'
[0m08:43:12.303490 [debug] [MainThread]: Executing "git --help"
[0m08:43:12.315444 [debug] [MainThread]: STDOUT: "b"Verwendung: git [-v | --version] [-h | --help] [-C <Pfad>] [-c <Name>=<Wert>]\n           [--exec-path[=<Pfad>]] [--html-path] [--man-path] [--info-path]\n           [-p | --paginate | -P | --no-pager] [--no-replace-objects] [--bare]\n           [--git-dir=<Pfad>] [--work-tree=<Pfad>] [--namespace=<Name>]\n           [--super-prefix=<Pfad>] [--config-env=<Name>=<Variable>]\n           <Befehl> [<Argumente>]\n\nAllgemeine Git-Befehle, verwendet in verschiedenen Situationen:\n\nArbeitsverzeichnis anlegen (siehe auch: git help tutorial)\n   clone     ein Repository in einem neuen Verzeichnis klonen\n   init      ein leeres Git-Repository erstellen oder ein bestehendes neuinitialisieren\n\nan aktuellen \xc3\x84nderungen arbeiten (siehe auch: git help everyday)\n   add       Dateiinhalte zum Commit vormerken\n   mv        eine Datei, ein Verzeichnis, oder eine symbolische Verkn\xc3\xbcpfung verschieben oder umbenennen\n   restore   Dateien im Arbeitsverzeichnis wiederherstellen\n   rm        Dateien im Arbeitsverzeichnis und vom Index l\xc3\xb6schen\n\nHistorie und Status untersuchen (siehe auch: git help revisions)\n   bisect    Bin\xc3\xa4rsuche verwenden, um den Commit zu finden, der einen Fehler verursacht hat\n   diff      \xc3\x84nderungen zwischen Commits, Commit und Arbeitsverzeichnis, etc. anzeigen\n   grep      Zeilen darstellen, die einem Muster entsprechen\n   log       Commit-Historie anzeigen\n   show      verschiedene Arten von Objekten anzeigen\n   status    den Zustand des Arbeitsverzeichnisses anzeigen\n\nHistorie erweitern und bearbeiten\n   branch    Branches anzeigen, erstellen oder entfernen\n   commit    \xc3\x84nderungen in das Repository eintragen\n   merge     zwei oder mehr Entwicklungszweige zusammenf\xc3\xbchren\n   rebase    Wiederholtes Anwenden von Commits auf anderem Basis-Commit\n   reset     aktuellen HEAD zu einem spezifizierten Zustand setzen\n   switch    Branches wechseln\n   tag       ein mit GPG signiertes Tag-Objekt erzeugen, auflisten, l\xc3\xb6schen oder verifizieren.\n\nmit anderen zusammenarbeiten (siehe auch: git help workflows)\n   fetch     Objekte und Referenzen von einem anderen Repository herunterladen\n   pull      Objekte von einem externen Repository anfordern und sie mit einem anderen Repository oder einem lokalen Branch zusammenf\xc3\xbchren\n   push      Remote-Referenzen mitsamt den verbundenen Objekten aktualisieren\n\n'git help -a' und 'git help -g' listet verf\xc3\xbcgbare Unterbefehle und\neinige Anleitungen zu Git-Konzepten auf. Benutzen Sie 'git help <Befehl>'\noder 'git help <Konzept>', um mehr \xc3\xbcber einen spezifischen Befehl oder\nKonzept zu erfahren.\nBenutzen Sie 'git help git' f\xc3\xbcr einen \xc3\x9cberblick des Systems.\n""
[0m08:43:12.315853 [debug] [MainThread]: STDERR: "b''"
[0m08:43:12.316312 [debug] [MainThread]: Sending event: {'category': 'dbt', 'action': 'invocation', 'label': 'end', 'context': [<snowplow_tracker.self_describing_json.SelfDescribingJson object at 0x11c510040>, <snowplow_tracker.self_describing_json.SelfDescribingJson object at 0x11c5206a0>, <snowplow_tracker.self_describing_json.SelfDescribingJson object at 0x11c522530>]}
[0m08:43:12.316626 [debug] [MainThread]: Flushing usage events


============================== 2022-09-07 08:44:15.125830 | cbe921b4-0b90-458f-83a4-0223577b6167 ==============================
[0m08:44:15.125835 [info ] [MainThread]: Running with dbt=1.2.1
[0m08:44:15.126030 [debug] [MainThread]: running dbt with arguments {'write_json': True, 'use_colors': True, 'printer_width': 80, 'version_check': True, 'partial_parse': True, 'static_parser': True, 'profiles_dir': '/Users/jawerg/.dbt', 'send_anonymous_usage_stats': True, 'event_buffer_size': 100000, 'quiet': False, 'no_print': False, 'config_dir': False, 'which': 'debug', 'indirect_selection': 'eager'}
[0m08:44:15.126101 [debug] [MainThread]: Tracking: tracking
[0m08:44:15.132875 [debug] [MainThread]: Sending event: {'category': 'dbt', 'action': 'invocation', 'label': 'start', 'context': [<snowplow_tracker.self_describing_json.SelfDescribingJson object at 0x103da8af0>, <snowplow_tracker.self_describing_json.SelfDescribingJson object at 0x103da8670>, <snowplow_tracker.self_describing_json.SelfDescribingJson object at 0x103da8040>]}
[0m08:44:15.451818 [debug] [MainThread]: Executing "git --help"
[0m08:44:15.461578 [debug] [MainThread]: STDOUT: "b"Verwendung: git [-v | --version] [-h | --help] [-C <Pfad>] [-c <Name>=<Wert>]\n           [--exec-path[=<Pfad>]] [--html-path] [--man-path] [--info-path]\n           [-p | --paginate | -P | --no-pager] [--no-replace-objects] [--bare]\n           [--git-dir=<Pfad>] [--work-tree=<Pfad>] [--namespace=<Name>]\n           [--super-prefix=<Pfad>] [--config-env=<Name>=<Variable>]\n           <Befehl> [<Argumente>]\n\nAllgemeine Git-Befehle, verwendet in verschiedenen Situationen:\n\nArbeitsverzeichnis anlegen (siehe auch: git help tutorial)\n   clone     ein Repository in einem neuen Verzeichnis klonen\n   init      ein leeres Git-Repository erstellen oder ein bestehendes neuinitialisieren\n\nan aktuellen \xc3\x84nderungen arbeiten (siehe auch: git help everyday)\n   add       Dateiinhalte zum Commit vormerken\n   mv        eine Datei, ein Verzeichnis, oder eine symbolische Verkn\xc3\xbcpfung verschieben oder umbenennen\n   restore   Dateien im Arbeitsverzeichnis wiederherstellen\n   rm        Dateien im Arbeitsverzeichnis und vom Index l\xc3\xb6schen\n\nHistorie und Status untersuchen (siehe auch: git help revisions)\n   bisect    Bin\xc3\xa4rsuche verwenden, um den Commit zu finden, der einen Fehler verursacht hat\n   diff      \xc3\x84nderungen zwischen Commits, Commit und Arbeitsverzeichnis, etc. anzeigen\n   grep      Zeilen darstellen, die einem Muster entsprechen\n   log       Commit-Historie anzeigen\n   show      verschiedene Arten von Objekten anzeigen\n   status    den Zustand des Arbeitsverzeichnisses anzeigen\n\nHistorie erweitern und bearbeiten\n   branch    Branches anzeigen, erstellen oder entfernen\n   commit    \xc3\x84nderungen in das Repository eintragen\n   merge     zwei oder mehr Entwicklungszweige zusammenf\xc3\xbchren\n   rebase    Wiederholtes Anwenden von Commits auf anderem Basis-Commit\n   reset     aktuellen HEAD zu einem spezifizierten Zustand setzen\n   switch    Branches wechseln\n   tag       ein mit GPG signiertes Tag-Objekt erzeugen, auflisten, l\xc3\xb6schen oder verifizieren.\n\nmit anderen zusammenarbeiten (siehe auch: git help workflows)\n   fetch     Objekte und Referenzen von einem anderen Repository herunterladen\n   pull      Objekte von einem externen Repository anfordern und sie mit einem anderen Repository oder einem lokalen Branch zusammenf\xc3\xbchren\n   push      Remote-Referenzen mitsamt den verbundenen Objekten aktualisieren\n\n'git help -a' und 'git help -g' listet verf\xc3\xbcgbare Unterbefehle und\neinige Anleitungen zu Git-Konzepten auf. Benutzen Sie 'git help <Befehl>'\noder 'git help <Konzept>', um mehr \xc3\xbcber einen spezifischen Befehl oder\nKonzept zu erfahren.\nBenutzen Sie 'git help git' f\xc3\xbcr einen \xc3\x9cberblick des Systems.\n""
[0m08:44:15.462065 [debug] [MainThread]: STDERR: "b''"
[0m08:44:15.465938 [debug] [MainThread]: Acquiring new snowflake connection "debug"
[0m08:44:15.467011 [debug] [MainThread]: Using snowflake connection "debug"
[0m08:44:15.467089 [debug] [MainThread]: On debug: select 1 as id
[0m08:44:15.467166 [debug] [MainThread]: Opening a new connection, currently in state init
[0m08:44:16.240204 [debug] [MainThread]: Snowflake adapter: Got an error when attempting to open a snowflake connection. No retries attempted: '250001 (08001): Failed to connect to DB: sf45883.eu-central-1.snowflakecomputing.com:443. Incorrect username or password was specified.'
[0m08:44:16.240818 [debug] [MainThread]: Snowflake adapter: Error running SQL: select 1 as id
[0m08:44:16.241009 [debug] [MainThread]: Snowflake adapter: Rolling back transaction.
[0m08:44:16.241325 [debug] [MainThread]: On debug: No close available on handle
[0m08:44:16.241796 [debug] [MainThread]: Sending event: {'category': 'dbt', 'action': 'invocation', 'label': 'end', 'context': [<snowplow_tracker.self_describing_json.SelfDescribingJson object at 0x12723a5f0>, <snowplow_tracker.self_describing_json.SelfDescribingJson object at 0x12723b250>, <snowplow_tracker.self_describing_json.SelfDescribingJson object at 0x12723a620>]}
[0m08:44:16.242124 [debug] [MainThread]: Flushing usage events
[0m08:44:16.742573 [debug] [MainThread]: Connection 'debug' was properly closed.


============================== 2022-09-07 08:46:01.359114 | 48cfe1d4-4847-45b6-a756-4e1fcb0f848d ==============================
[0m08:46:01.359119 [info ] [MainThread]: Running with dbt=1.2.1
[0m08:46:01.359313 [debug] [MainThread]: running dbt with arguments {'write_json': True, 'use_colors': True, 'printer_width': 80, 'version_check': True, 'partial_parse': True, 'static_parser': True, 'profiles_dir': '/Users/jawerg/.dbt', 'send_anonymous_usage_stats': True, 'event_buffer_size': 100000, 'quiet': False, 'no_print': False, 'config_dir': False, 'which': 'debug', 'indirect_selection': 'eager'}
[0m08:46:01.359382 [debug] [MainThread]: Tracking: tracking
[0m08:46:01.367437 [debug] [MainThread]: Sending event: {'category': 'dbt', 'action': 'invocation', 'label': 'start', 'context': [<snowplow_tracker.self_describing_json.SelfDescribingJson object at 0x107f80760>, <snowplow_tracker.self_describing_json.SelfDescribingJson object at 0x107f804c0>, <snowplow_tracker.self_describing_json.SelfDescribingJson object at 0x107f80370>]}
[0m08:46:01.681376 [debug] [MainThread]: Executing "git --help"
[0m08:46:01.692447 [debug] [MainThread]: STDOUT: "b"Verwendung: git [-v | --version] [-h | --help] [-C <Pfad>] [-c <Name>=<Wert>]\n           [--exec-path[=<Pfad>]] [--html-path] [--man-path] [--info-path]\n           [-p | --paginate | -P | --no-pager] [--no-replace-objects] [--bare]\n           [--git-dir=<Pfad>] [--work-tree=<Pfad>] [--namespace=<Name>]\n           [--super-prefix=<Pfad>] [--config-env=<Name>=<Variable>]\n           <Befehl> [<Argumente>]\n\nAllgemeine Git-Befehle, verwendet in verschiedenen Situationen:\n\nArbeitsverzeichnis anlegen (siehe auch: git help tutorial)\n   clone     ein Repository in einem neuen Verzeichnis klonen\n   init      ein leeres Git-Repository erstellen oder ein bestehendes neuinitialisieren\n\nan aktuellen \xc3\x84nderungen arbeiten (siehe auch: git help everyday)\n   add       Dateiinhalte zum Commit vormerken\n   mv        eine Datei, ein Verzeichnis, oder eine symbolische Verkn\xc3\xbcpfung verschieben oder umbenennen\n   restore   Dateien im Arbeitsverzeichnis wiederherstellen\n   rm        Dateien im Arbeitsverzeichnis und vom Index l\xc3\xb6schen\n\nHistorie und Status untersuchen (siehe auch: git help revisions)\n   bisect    Bin\xc3\xa4rsuche verwenden, um den Commit zu finden, der einen Fehler verursacht hat\n   diff      \xc3\x84nderungen zwischen Commits, Commit und Arbeitsverzeichnis, etc. anzeigen\n   grep      Zeilen darstellen, die einem Muster entsprechen\n   log       Commit-Historie anzeigen\n   show      verschiedene Arten von Objekten anzeigen\n   status    den Zustand des Arbeitsverzeichnisses anzeigen\n\nHistorie erweitern und bearbeiten\n   branch    Branches anzeigen, erstellen oder entfernen\n   commit    \xc3\x84nderungen in das Repository eintragen\n   merge     zwei oder mehr Entwicklungszweige zusammenf\xc3\xbchren\n   rebase    Wiederholtes Anwenden von Commits auf anderem Basis-Commit\n   reset     aktuellen HEAD zu einem spezifizierten Zustand setzen\n   switch    Branches wechseln\n   tag       ein mit GPG signiertes Tag-Objekt erzeugen, auflisten, l\xc3\xb6schen oder verifizieren.\n\nmit anderen zusammenarbeiten (siehe auch: git help workflows)\n   fetch     Objekte und Referenzen von einem anderen Repository herunterladen\n   pull      Objekte von einem externen Repository anfordern und sie mit einem anderen Repository oder einem lokalen Branch zusammenf\xc3\xbchren\n   push      Remote-Referenzen mitsamt den verbundenen Objekten aktualisieren\n\n'git help -a' und 'git help -g' listet verf\xc3\xbcgbare Unterbefehle und\neinige Anleitungen zu Git-Konzepten auf. Benutzen Sie 'git help <Befehl>'\noder 'git help <Konzept>', um mehr \xc3\xbcber einen spezifischen Befehl oder\nKonzept zu erfahren.\nBenutzen Sie 'git help git' f\xc3\xbcr einen \xc3\x9cberblick des Systems.\n""
[0m08:46:01.692859 [debug] [MainThread]: STDERR: "b''"
[0m08:46:01.696016 [debug] [MainThread]: Acquiring new snowflake connection "debug"
[0m08:46:01.697155 [debug] [MainThread]: Using snowflake connection "debug"
[0m08:46:01.697269 [debug] [MainThread]: On debug: select 1 as id
[0m08:46:01.697348 [debug] [MainThread]: Opening a new connection, currently in state init
[0m08:46:02.516915 [debug] [MainThread]: SQL status: SUCCESS 1 in 0.82 seconds
[0m08:46:02.519875 [debug] [MainThread]: On debug: Close
[0m08:46:02.652340 [debug] [MainThread]: Sending event: {'category': 'dbt', 'action': 'invocation', 'label': 'end', 'context': [<snowplow_tracker.self_describing_json.SelfDescribingJson object at 0x10efcf430>, <snowplow_tracker.self_describing_json.SelfDescribingJson object at 0x11f34f580>, <snowplow_tracker.self_describing_json.SelfDescribingJson object at 0x11f34d5d0>]}
[0m08:46:02.652798 [debug] [MainThread]: Flushing usage events
[0m08:46:04.080549 [debug] [MainThread]: Connection 'debug' was properly closed.
